<?xml version="1.0" encoding="UTF-8"?>
<!-- Generated by org.testng.reporters.JUnitReportReporter -->
<testsuite skipped="0" hostname="LAPTOP-19E9QGTJ" name="POM.testcases.logintest" tests="1" failures="0" timestamp="16 Sep 2019 08:58:58 GMT" time="7.213" errors="0">
  <testcase name="init" time="7.213" classname="POM.testcases.logintest"/>
</testsuite> <!-- POM.testcases.logintest -->
