<?xml version="1.0" encoding="UTF-8"?>
<!-- Generated by org.testng.reporters.JUnitReportReporter -->
<testsuite skipped="0" hostname="LAPTOP-19E9QGTJ" name="POM.testcases.NewcustomerTest" tests="1" failures="0" timestamp="16 Sep 2019 08:58:57 GMT" time="4.611" errors="0">
  <testcase name="customer" time="4.611" classname="POM.testcases.NewcustomerTest"/>
</testsuite> <!-- POM.testcases.NewcustomerTest -->
